2025-07-23 08:04:04,480 [INFO] \U0001f680 Scheduler started. Waiting for tasks to trigger...
2025-07-23 08:04:04,490 [INFO] \U0001f7e1 Running predict_price.py @ 2025-07-23 08:04:04
2025-07-23 08:04:11,372 [INFO] \u2705 Finished predict_price.py
2025-07-23 08:04:11,373 [INFO] \u23f3 Waiting 5 min before running log_actual_price.py
2025-07-23 08:04:11,373 [INFO] \U0001f7e1 Running predict_8h.py @ 2025-07-23 08:04:11
2025-07-23 08:04:16,268 [INFO] \u2705 Finished predict_8h.py
2025-07-23 08:04:16,269 [INFO] \u23f3 Waiting 480 min before running actual_8h.py
2025-07-23 08:04:16,269 [INFO] \U0001f7e1 Running predict_24h.py @ 2025-07-23 08:04:16
2025-07-23 08:04:21,862 [INFO] \u2705 Finished predict_24h.py
2025-07-23 08:04:21,863 [INFO] \u23f3 Waiting 1440 min before running actual_24h.py
2025-07-23 08:09:21,375 [INFO] \U0001f7e2 Triggering log_actual_price.py @ 2025-07-23 08:09:21
2025-07-23 08:09:21,375 [INFO] \U0001f7e1 Running log_actual_price.py @ 2025-07-23 08:09:21
2025-07-23 08:09:21,865 [INFO] \U0001f7e1 Running predict_price.py @ 2025-07-23 08:09:21
2025-07-23 08:09:27,601 [INFO] \u2705 Finished log_actual_price.py
2025-07-23 08:09:29,037 [INFO] \u2705 Finished predict_price.py
2025-07-23 08:09:29,037 [INFO] \u23f3 Waiting 5 min before running log_actual_price.py
2025-07-23 08:14:29,041 [INFO] \U0001f7e1 Running predict_price.py @ 2025-07-23 08:14:29
2025-07-23 08:14:35,400 [INFO] \u2705 Finished predict_price.py
2025-07-23 08:14:35,401 [INFO] \u23f3 Waiting 5 min before running log_actual_price.py
2025-07-23 08:14:39,039 [INFO] \U0001f7e2 Triggering log_actual_price.py @ 2025-07-23 08:14:39
2025-07-23 08:14:39,040 [INFO] \U0001f7e1 Running log_actual_price.py @ 2025-07-23 08:14:39
2025-07-23 08:14:44,447 [INFO] \u2705 Finished log_actual_price.py
2025-07-23 08:19:35,404 [INFO] \U0001f7e1 Running predict_price.py @ 2025-07-23 08:19:35
2025-07-23 08:19:42,688 [INFO] \u2705 Finished predict_price.py
2025-07-23 08:19:42,689 [INFO] \u23f3 Waiting 5 min before running log_actual_price.py
2025-07-23 08:19:45,402 [INFO] \U0001f7e2 Triggering log_actual_price.py @ 2025-07-23 08:19:45
2025-07-23 08:19:45,402 [INFO] \U0001f7e1 Running log_actual_price.py @ 2025-07-23 08:19:45
2025-07-23 08:19:51,699 [INFO] \u2705 Finished log_actual_price.py
2025-07-23 08:24:42,691 [INFO] \U0001f7e1 Running predict_price.py @ 2025-07-23 08:24:42
2025-07-23 08:24:51,832 [INFO] \u2705 Finished predict_price.py
2025-07-23 08:24:51,833 [INFO] \u23f3 Waiting 5 min before running log_actual_price.py
2025-07-23 08:24:52,694 [INFO] \U0001f7e2 Triggering log_actual_price.py @ 2025-07-23 08:24:52
2025-07-23 08:24:52,698 [INFO] \U0001f7e1 Running log_actual_price.py @ 2025-07-23 08:24:52
2025-07-23 08:25:00,985 [INFO] \u2705 Finished log_actual_price.py
2025-07-23 08:29:51,835 [INFO] \U0001f7e1 Running predict_price.py @ 2025-07-23 08:29:51
2025-07-23 08:29:59,863 [INFO] \u2705 Finished predict_price.py
2025-07-23 08:29:59,864 [INFO] \u23f3 Waiting 5 min before running log_actual_price.py
2025-07-23 08:30:01,834 [INFO] \U0001f7e2 Triggering log_actual_price.py @ 2025-07-23 08:30:01
2025-07-23 08:30:01,834 [INFO] \U0001f7e1 Running log_actual_price.py @ 2025-07-23 08:30:01
2025-07-23 08:30:09,682 [INFO] \u2705 Finished log_actual_price.py
2025-07-23 08:34:59,866 [INFO] \U0001f7e1 Running predict_price.py @ 2025-07-23 08:34:59
2025-07-23 08:35:07,270 [INFO] \u2705 Finished predict_price.py
2025-07-23 08:35:07,271 [INFO] \u23f3 Waiting 5 min before running log_actual_price.py
2025-07-23 08:35:09,864 [INFO] \U0001f7e2 Triggering log_actual_price.py @ 2025-07-23 08:35:09
2025-07-23 08:35:09,865 [INFO] \U0001f7e1 Running log_actual_price.py @ 2025-07-23 08:35:09
2025-07-23 08:35:11,771 [INFO] \u2705 Finished log_actual_price.py
2025-07-23 08:40:07,273 [INFO] \U0001f7e1 Running predict_price.py @ 2025-07-23 08:40:07
2025-07-23 08:40:15,575 [INFO] \u2705 Finished predict_price.py
2025-07-23 08:40:15,576 [INFO] \u23f3 Waiting 5 min before running log_actual_price.py
2025-07-23 08:40:17,272 [INFO] \U0001f7e2 Triggering log_actual_price.py @ 2025-07-23 08:40:17
2025-07-23 08:40:17,272 [INFO] \U0001f7e1 Running log_actual_price.py @ 2025-07-23 08:40:17
2025-07-23 08:40:20,257 [INFO] \u2705 Finished log_actual_price.py
2025-07-23 08:49:42,930 [INFO] \U0001f680 Scheduler started. Waiting for tasks to trigger...
2025-07-23 08:49:42,931 [INFO] \U0001f7e1 Running predict_price.py @ 2025-07-23 08:49:42
2025-07-23 08:49:50,493 [INFO] \u2705 Finished predict_price.py
2025-07-23 08:49:50,495 [INFO] \u23f3 Waiting 5 min before running log_actual_price.py
2025-07-23 08:49:50,495 [INFO] \U0001f7e1 Running predict_8h.py @ 2025-07-23 08:49:50
2025-07-23 08:49:56,737 [INFO] \u2705 Finished predict_8h.py
2025-07-23 08:49:56,739 [INFO] \u23f3 Waiting 480 min before running actual_8h.py
2025-07-23 08:49:56,739 [INFO] \U0001f7e1 Running predict_24h.py @ 2025-07-23 08:49:56
2025-07-23 08:50:03,735 [INFO] \u2705 Finished predict_24h.py
2025-07-23 08:50:03,736 [INFO] \u23f3 Waiting 1440 min before running actual_24h.py
2025-07-23 08:52:18,288 [INFO] \U0001f680 Scheduler started. Waiting for tasks to trigger...
2025-07-23 08:52:18,289 [INFO] \U0001f7e1 Running predict_price.py @ 2025-07-23 08:52:18
2025-07-23 08:52:25,421 [INFO] \u2705 Finished predict_price.py
2025-07-23 08:52:25,422 [INFO] \u23f3 Waiting 5 min before running log_actual_price.py
2025-07-23 08:52:25,423 [INFO] \U0001f7e1 Running predict_8h.py @ 2025-07-23 08:52:25
2025-07-23 08:52:31,280 [INFO] \u2705 Finished predict_8h.py
2025-07-23 08:52:31,281 [INFO] \u23f3 Waiting 480 min before running actual_8h.py
2025-07-23 08:52:31,281 [INFO] \U0001f7e1 Running predict_24h.py @ 2025-07-23 08:52:31
2025-07-23 08:52:38,263 [INFO] \u2705 Finished predict_24h.py
2025-07-23 08:52:38,264 [INFO] \u23f3 Waiting 1440 min before running actual_24h.py
2025-07-23 08:53:50,843 [INFO] \U0001f680 Scheduler started. Waiting for tasks to trigger...
2025-07-23 08:53:50,843 [INFO] \U0001f7e1 Running predict_price.py @ 2025-07-23 08:53:50
2025-07-23 08:53:58,144 [INFO] \u2705 Finished predict_price.py
2025-07-23 08:53:58,153 [INFO] \u23f3 Waiting 5 min before running log_actual_price.py
2025-07-23 08:53:58,154 [INFO] \U0001f7e1 Running predict_8h.py @ 2025-07-23 08:53:58
2025-07-23 08:54:05,080 [INFO] \u2705 Finished predict_8h.py
2025-07-23 08:54:05,081 [INFO] \u23f3 Waiting 480 min before running actual_8h.py
2025-07-23 08:54:05,082 [INFO] \U0001f7e1 Running predict_24h.py @ 2025-07-23 08:54:05
2025-07-23 08:54:12,302 [INFO] \u2705 Finished predict_24h.py
2025-07-23 08:54:12,303 [INFO] \u23f3 Waiting 1440 min before running actual_24h.py
2025-07-23 08:59:08,154 [INFO] \U0001f7e2 Triggering log_actual_price.py @ 2025-07-23 08:59:08
2025-07-23 08:59:08,154 [INFO] \U0001f7e1 Running log_actual_price.py @ 2025-07-23 08:59:08
2025-07-23 08:59:10,897 [INFO] \u2705 Finished log_actual_price.py
2025-07-23 08:59:12,309 [INFO] \U0001f7e1 Running predict_price.py @ 2025-07-23 08:59:12
2025-07-23 08:59:20,611 [INFO] \u2705 Finished predict_price.py
2025-07-23 08:59:20,613 [INFO] \u23f3 Waiting 5 min before running log_actual_price.py
2025-07-23 09:04:20,616 [INFO] \U0001f7e1 Running predict_price.py @ 2025-07-23 09:04:20
2025-07-23 09:04:28,123 [INFO] \u2705 Finished predict_price.py
2025-07-23 09:04:28,124 [INFO] \u23f3 Waiting 5 min before running log_actual_price.py
2025-07-23 09:04:30,613 [INFO] \U0001f7e2 Triggering log_actual_price.py @ 2025-07-23 09:04:30
2025-07-23 09:04:30,614 [INFO] \U0001f7e1 Running log_actual_price.py @ 2025-07-23 09:04:30
2025-07-23 09:04:33,518 [INFO] \u2705 Finished log_actual_price.py
2025-07-23 09:09:28,128 [INFO] \U0001f7e1 Running predict_price.py @ 2025-07-23 09:09:28
2025-07-23 09:09:35,520 [INFO] \u2705 Finished predict_price.py
2025-07-23 09:09:35,521 [INFO] \u23f3 Waiting 5 min before running log_actual_price.py
2025-07-23 09:09:38,125 [INFO] \U0001f7e2 Triggering log_actual_price.py @ 2025-07-23 09:09:38
2025-07-23 09:09:38,125 [INFO] \U0001f7e1 Running log_actual_price.py @ 2025-07-23 09:09:38
2025-07-23 09:09:40,996 [INFO] \u2705 Finished log_actual_price.py
2025-07-23 09:14:35,524 [INFO] \U0001f7e1 Running predict_price.py @ 2025-07-23 09:14:35
2025-07-23 09:14:42,285 [INFO] \u2705 Finished predict_price.py
2025-07-23 09:14:42,286 [INFO] \u23f3 Waiting 5 min before running log_actual_price.py
2025-07-23 09:14:45,522 [INFO] \U0001f7e2 Triggering log_actual_price.py @ 2025-07-23 09:14:45
2025-07-23 09:14:45,523 [INFO] \U0001f7e1 Running log_actual_price.py @ 2025-07-23 09:14:45
2025-07-23 09:14:47,698 [INFO] \u2705 Finished log_actual_price.py
2025-07-23 09:19:42,289 [INFO] \U0001f7e1 Running predict_price.py @ 2025-07-23 09:19:42
2025-07-23 09:19:50,368 [INFO] \u2705 Finished predict_price.py
2025-07-23 09:19:50,369 [INFO] \u23f3 Waiting 5 min before running log_actual_price.py
2025-07-23 09:19:52,287 [INFO] \U0001f7e2 Triggering log_actual_price.py @ 2025-07-23 09:19:52
2025-07-23 09:19:52,287 [INFO] \U0001f7e1 Running log_actual_price.py @ 2025-07-23 09:19:52
2025-07-23 09:19:54,639 [INFO] \u2705 Finished log_actual_price.py
2025-07-23 20:47:18,089 [INFO] \U0001f680 Scheduler started. Waiting for tasks to trigger...
2025-07-23 20:47:18,091 [INFO] \U0001f7e1 Running predict_8h.py @ 2025-07-23 20:47:18
2025-07-23 20:47:20,420 [INFO] \u2705 Finished predict_8h.py
2025-07-23 20:47:20,421 [INFO] \u23f3 Waiting 480 min before running actual_8h.py
2025-07-23 20:47:20,421 [INFO] \U0001f7e1 Running predict_24h.py @ 2025-07-23 20:47:20
2025-07-23 20:47:27,533 [ERROR] \u274c Error running predict_24h.py: Command '['C:\\Users\\DELL\\OneDrive\\Documents\\allora_predictor\\venv\\Scripts\\python.exe', 'predict_24h.py']' returned non-zero exit status 1.
2025-07-23 20:47:27,534 [INFO] \u23f3 Waiting 1440 min before running actual_24h.py
2025-07-24 11:21:23,356 [INFO] \U0001f680 Scheduler started. Waiting for tasks to trigger...
2025-07-24 11:21:23,357 [INFO] \U0001f7e1 Running predict_8h.py @ 2025-07-24 11:21:23
2025-07-24 11:21:25,930 [INFO] \u2705 Finished predict_8h.py
2025-07-24 11:21:25,931 [INFO] \u23f3 Waiting 480 min before running actual_8h.py
2025-07-24 11:21:25,932 [INFO] \U0001f7e1 Running predict_24h.py @ 2025-07-24 11:21:25
2025-07-24 11:21:52,458 [INFO] \u2705 Finished predict_24h.py
2025-07-24 11:21:52,459 [INFO] \u23f3 Waiting 1440 min before running actual_24h.py
2025-07-24 19:21:39,485 [INFO] \U0001f7e1 Running predict_8h.py @ 2025-07-24 19:21:39
2025-07-24 19:21:46,939 [INFO] \u2705 Finished predict_8h.py
2025-07-24 19:21:46,940 [INFO] \u23f3 Waiting 480 min before running actual_8h.py
2025-07-24 20:24:46,272 [INFO] \U0001f680 Scheduler started. Waiting for tasks to trigger...
2025-07-24 20:24:46,273 [INFO] \U0001f7e1 Running predict_8h.py @ 2025-07-24 20:24:46
2025-07-24 20:24:52,979 [INFO] \u2705 Finished predict_8h.py
2025-07-24 20:24:52,980 [INFO] \u23f3 Waiting 480 min before running actual_8h.py
2025-07-24 20:24:52,981 [INFO] \U0001f7e1 Running predict_24h.py @ 2025-07-24 20:24:52
2025-07-24 20:25:01,099 [INFO] \u2705 Finished predict_24h.py
2025-07-24 20:25:01,101 [INFO] \u23f3 Waiting 1440 min before running actual_24h.py
2025-07-24 20:49:16,140 [INFO] \U0001f7e2 Triggering actual_8h.py @ 2025-07-24 20:49:16
2025-07-24 20:49:16,141 [INFO] \U0001f7e1 Running actual_8h.py @ 2025-07-24 20:49:16
2025-07-24 20:49:17,693 [INFO] \u2705 Finished actual_8h.py
2025-07-24 21:47:10,797 [INFO] \U0001f680 Scheduler started. Waiting for tasks to trigger...
2025-07-24 21:47:10,797 [INFO] \U0001f7e1 Running predict_8h.py @ 2025-07-24 21:47:10
2025-07-24 21:47:16,422 [INFO] \u2705 Finished predict_8h.py
2025-07-24 21:47:16,423 [INFO] \u23f3 Waiting 480 min before running actual_8h.py
2025-07-24 21:47:16,423 [INFO] \U0001f7e1 Running predict_24h.py @ 2025-07-24 21:47:16
2025-07-24 21:47:22,037 [INFO] \u2705 Finished predict_24h.py
2025-07-24 21:47:22,037 [INFO] \u23f3 Waiting 1440 min before running actual_24h.py
2025-07-25 06:23:25,944 [INFO] \U0001f7e1 Running predict_8h.py @ 2025-07-25 06:23:25
2025-07-25 06:23:31,627 [INFO] \u2705 Finished predict_8h.py
2025-07-25 06:23:31,631 [INFO] \u23f3 Waiting 480 min before running actual_8h.py
2025-07-25 06:26:40,427 [INFO] \U0001f680 Scheduler started. Waiting for tasks to trigger...
2025-07-25 06:26:40,429 [INFO] \U0001f7e1 Running predict_8h.py @ 2025-07-25 06:26:40
2025-07-25 06:26:42,552 [INFO] \u2705 Finished predict_8h.py
2025-07-25 06:26:42,553 [INFO] \u23f3 Waiting 480 min before running actual_8h.py
2025-07-25 06:26:42,553 [INFO] \U0001f7e1 Running predict_24h.py @ 2025-07-25 06:26:42
2025-07-25 06:26:47,924 [ERROR] \u274c Error running predict_24h.py: Command '['C:\\Users\\DELL\\OneDrive\\Documents\\allora_predictor\\venv\\Scripts\\python.exe', 'predict_24h.py']' returned non-zero exit status 1.
2025-07-25 06:26:47,925 [INFO] \u23f3 Waiting 1440 min before running actual_24h.py
2025-07-25 09:51:25,783 [INFO] \U0001f680 Scheduler started. Waiting for tasks to trigger...
2025-07-25 09:51:25,821 [INFO] \U0001f7e1 Running predict_8h.py @ 2025-07-25 09:51:25
2025-07-25 09:51:29,813 [INFO] \u2705 Finished predict_8h.py
2025-07-25 09:51:29,814 [INFO] \u23f3 Waiting 480 min before running actual_8h.py
2025-07-25 09:51:29,815 [INFO] \U0001f7e1 Running predict_24h.py @ 2025-07-25 09:51:29
2025-07-25 09:51:30,986 [ERROR] \u274c Error running predict_24h.py: Command '['C:\\Users\\DELL\\OneDrive\\Documents\\allora_predictor\\venv\\Scripts\\python.exe', 'predict_24h.py']' returned non-zero exit status 1.
2025-07-25 09:51:30,987 [INFO] \u23f3 Waiting 1440 min before running actual_24h.py
2025-07-26 09:17:32,502 [INFO] \U0001f7e1 Running predict_8h.py @ 2025-07-26 09:17:32
2025-07-26 09:17:42,735 [INFO] \u2705 Finished predict_8h.py
2025-07-26 09:17:42,739 [INFO] \u23f3 Waiting 480 min before running actual_8h.py
2025-07-26 09:51:42,795 [INFO] \U0001f7e1 Running predict_24h.py @ 2025-07-26 09:51:42
2025-07-26 09:51:49,353 [INFO] \u2705 Finished predict_24h.py
2025-07-26 09:51:49,364 [INFO] \u23f3 Waiting 1440 min before running actual_24h.py
2025-07-26 10:17:45,011 [INFO] \U0001f680 Scheduler started. Waiting for tasks to trigger...
2025-07-26 10:17:45,012 [INFO] \U0001f7e1 Running predict_8h.py @ 2025-07-26 10:17:45
2025-07-26 10:17:50,946 [INFO] \u2705 Finished predict_8h.py
2025-07-26 10:17:50,949 [INFO] \u23f3 Waiting 480 min before running actual_8h.py
2025-07-26 10:17:50,949 [INFO] \U0001f7e1 Running predict_24h.py @ 2025-07-26 10:17:50
2025-07-26 10:17:57,527 [INFO] \u2705 Finished predict_24h.py
2025-07-26 10:17:57,529 [INFO] \u23f3 Waiting 1440 min before running actual_24h.py
2025-07-26 19:27:27,103 [INFO] \U0001f7e1 Running predict_8h.py @ 2025-07-26 19:27:27
2025-07-26 19:27:35,318 [INFO] \u2705 Finished predict_8h.py
2025-07-26 19:27:35,319 [INFO] \u23f3 Waiting 480 min before running actual_8h.py
2025-07-27 03:28:02,424 [INFO] \U0001f7e1 Running predict_8h.py @ 2025-07-27 03:28:02
2025-07-27 03:28:06,667 [INFO] \u2705 Finished predict_8h.py
2025-07-27 03:28:06,669 [INFO] \u23f3 Waiting 480 min before running actual_8h.py
2025-07-27 04:42:16,502 [INFO] \U0001f7e2 Triggering actual_8h.py @ 2025-07-27 04:42:16
2025-07-27 04:42:16,504 [INFO] \U0001f7e1 Running actual_8h.py @ 2025-07-27 04:42:16
2025-07-27 04:42:21,554 [INFO] \u2705 Finished actual_8h.py
